==30531== Memcheck, a memory error detector
==30531== Copyright (C) 2002-2017, and GNU GPL'd, by Julian Seward et al.
==30531== Using Valgrind-3.18.1 and LibVEX; rerun with -h for copyright info
==30531== Command: ./hsh
==30531== Parent PID: 15302
==30531== 
==30547== 
==30547== HEAP SUMMARY:
==30547==     in use at exit: 0 bytes in 0 blocks
==30547==   total heap usage: 22 allocs, 22 frees, 2,065 bytes allocated
==30547== 
==30547== All heap blocks were freed -- no leaks are possible
==30547== 
==30547== For lists of detected and suppressed errors, rerun with: -s
==30547== ERROR SUMMARY: 0 errors from 0 contexts (suppressed: 0 from 0)
==30531== 
==30531== HEAP SUMMARY:
==30531==     in use at exit: 0 bytes in 0 blocks
==30531==   total heap usage: 32 allocs, 32 frees, 186 bytes allocated
==30531== 
==30531== All heap blocks were freed -- no leaks are possible
==30531== 
==30531== For lists of detected and suppressed errors, rerun with: -s
==30531== ERROR SUMMARY: 0 errors from 0 contexts (suppressed: 0 from 0)
